[debug] [2023-08-03T01:38:12.303Z] ----------------------------------------------------------------------
[debug] [2023-08-03T01:38:12.305Z] Command:       /usr/local/bin/node /usr/local/bin/firebase init hosting
[debug] [2023-08-03T01:38:12.305Z] CLI Version:   12.4.7
[debug] [2023-08-03T01:38:12.306Z] Platform:      darwin
[debug] [2023-08-03T01:38:12.306Z] Node Version:  v18.17.0
[debug] [2023-08-03T01:38:12.307Z] Time:          Wed Aug 02 2023 21:38:12 GMT-0400 (Eastern Daylight Time)
[debug] [2023-08-03T01:38:12.307Z] ----------------------------------------------------------------------
[debug] 
[debug] [2023-08-03T01:38:12.391Z] > command requires scopes: ["email","openid","https://www.googleapis.com/auth/cloudplatformprojects.readonly","https://www.googleapis.com/auth/firebase","https://www.googleapis.com/auth/cloud-platform"]
[debug] [2023-08-03T01:38:12.391Z] > authorizing via signed-in user (pet.develop@gmail.com)
[info] 
     ######## #### ########  ######## ########     ###     ######  ########
     ##        ##  ##     ## ##       ##     ##  ##   ##  ##       ##
     ######    ##  ########  ######   ########  #########  ######  ######
     ##        ##  ##    ##  ##       ##     ## ##     ##       ## ##
     ##       #### ##     ## ######## ########  ##     ##  ######  ########

You're about to initialize a Firebase project in this directory:

  /Users/pedroarronte/Documents/Projects/thepedrostack

Before we get started, keep in mind:

  * You are initializing within an existing Firebase project directory

[info] 
=== Project Setup
[info] 
[info] First, let's associate this project directory with a Firebase project.
[info] You can create multiple project aliases by running firebase use --add, 
[info] but for now we'll just set up a default project.
[info] 
[debug] [2023-08-03T01:38:12.402Z] Using project from CLI flag: thepedrostack
[debug] [2023-08-03T01:38:12.404Z] >>> [apiv2][query] GET https://firebase.googleapis.com/v1beta1/projects/thepedrostack [none]
[debug] [2023-08-03T01:38:12.746Z] <<< [apiv2][status] GET https://firebase.googleapis.com/v1beta1/projects/thepedrostack 200
[debug] [2023-08-03T01:38:12.746Z] <<< [apiv2][body] GET https://firebase.googleapis.com/v1beta1/projects/thepedrostack {"projectId":"thepedrostack","projectNumber":"441416488086","displayName":"thepedrostack","name":"projects/thepedrostack","resources":{"hostingSite":"thepedrostack"},"state":"ACTIVE","etag":"1_4e8427dc-56f7-417f-b859-ba696f3e8727"}
[info] i  Using project thepedrostack (thepedrostack) 
[info] 
=== Hosting Setup
[info] 
[info] i  Detected a .git folder at /Users/pedroarronte/Documents/Projects 
[info] i  Authorizing with GitHub to upload your service account to a GitHub repository's secrets store. 
[info] 
[info] Visit this URL on this device to log in:
[info] https://github.com/login/oauth/authorize?client_id=89cf50f02ac6aaed3484&state=366674385&redirect_uri=http%3A%2F%2Flocalhost%3A9005&scope=read%3Auser%20repo%20public_repo
[info] 
[info] Waiting for authentication...
[debug] [2023-08-03T01:39:56.930Z] >>> [apiv2][query] POST https://github.com/login/oauth/access_token [none]
[debug] [2023-08-03T01:39:56.930Z] >>> [apiv2][body] POST https://github.com/login/oauth/access_token [stream]
[debug] [2023-08-03T01:39:57.151Z] <<< [apiv2][status] POST https://github.com/login/oauth/access_token 200
[debug] [2023-08-03T01:39:57.151Z] <<< [apiv2][body] POST https://github.com/login/oauth/access_token {"access_token":"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","token_type":"bearer","scope":"read:user,repo"}
[debug] [2023-08-03T01:39:57.156Z] >>> [apiv2][query] GET https://api.github.com/user [none]
[debug] [2023-08-03T01:39:57.396Z] <<< [apiv2][status] GET https://api.github.com/user 200
[debug] [2023-08-03T01:39:57.396Z] <<< [apiv2][body] GET https://api.github.com/user {"login":"petdevelop","id":24394149,"node_id":"MDQ6VXNlcjI0Mzk0MTQ5","avatar_url":"https://avatars.githubusercontent.com/u/24394149?v=4","gravatar_id":"","url":"https://api.github.com/users/petdevelop","html_url":"https://github.com/petdevelop","followers_url":"https://api.github.com/users/petdevelop/followers","following_url":"https://api.github.com/users/petdevelop/following{/other_user}","gists_url":"https://api.github.com/users/petdevelop/gists{/gist_id}","starred_url":"https://api.github.com/users/petdevelop/starred{/owner}{/repo}","subscriptions_url":"https://api.github.com/users/petdevelop/subscriptions","organizations_url":"https://api.github.com/users/petdevelop/orgs","repos_url":"https://api.github.com/users/petdevelop/repos","events_url":"https://api.github.com/users/petdevelop/events{/privacy}","received_events_url":"https://api.github.com/users/petdevelop/received_events","type":"User","site_admin":false,"name":null,"company":null,"blog":"","location":null,"email":null,"hireable":null,"bio":null,"twitter_username":null,"public_repos":19,"public_gists":0,"followers":0,"following":0,"created_at":"2016-12-05T17:36:17Z","updated_at":"2023-04-14T13:53:37Z","private_gists":0,"total_private_repos":0,"owned_private_repos":0,"disk_usage":166229,"collaborators":0,"two_factor_authentication":false,"plan":{"name":"free","space":976562499,"collaborators":0,"private_repos":10000}}
[info] 
[info] ✔  Success! Logged into GitHub as petdevelop 
[info] 
